This is pTeX, Version p2.1.5.beta12, based on TeX, Version 3.14159 (SJIS) (Web2c 7.0) (format=platex 97.8.16)  25 SEP 2004 22:48
**kaiseki
(kaiseki.tex
pLaTeX2e <1997/07/02>+2 (based on LaTeX2e <1997/06/01> patch level 0)
(c:/usr/local/share/texmf/tex/platex/local/myjbook.cls
Document Class: myjbook 1997/08/14 v1.3 Okumura's Classes
LaTeX Info: Redefining \sffamily on input line 28.
LaTeX Info: Redefining \ttfamily on input line 31.
(c:/usr/local/share/texmf/tex/platex/local/myjbk10.clo
File: myjbk10.clo 1997/08/14 v1.3 Okumura's Classes
LaTeX Font Info:    Font shape `JY1/mc/m/n' will be
(Font)              scaled to size 9.60999pt on input line 29.
)
\c@part=\count81
\c@chapter=\count82
\c@section=\count83
\c@subsection=\count84
\c@subsubsection=\count85
\c@paragraph=\count86
\c@subparagraph=\count87
\c@figure=\count88
\c@table=\count89
\abovecaptionskip=\skip41
\belowcaptionskip=\skip42
\@lnumwidth=\dimen118
\bibindent=\dimen119
)
(c:/usr/local/share/texmf/tex/latex/amsfonts/amsfonts.sty
Package: amsfonts 1997/03/24 v2.2c
\@emptytoks=\toks15
\symAMSa=\mathgroup4
\symAMSb=\mathgroup5
LaTeX Font Info:    Overwriting math alphabet `\mathfrak' in version `bold'
(Font)                  U/euf/m/n --> U/euf/b/n on input line 133.
)
(c:/usr/local/share/texmf/tex/latex/amslatex/amsmath.sty
Package: amsmath 1997/03/20 v1.2d AMS math features
\@mathmargin=\skip43

(c:/usr/local/share/texmf/tex/latex/amslatex/amstext.sty
Package: amstext 1996/10/28 v1.2b

(c:/usr/local/share/texmf/tex/latex/amslatex/amsgen.sty
File: amsgen 1996/10/29 v1.2b
\@emptytoks=\toks16
\ex@=\dimen120
))
(c:/usr/local/share/texmf/tex/latex/amslatex/amsbsy.sty
Package: amsbsy 1996/10/28 v1.2b
\pmbraise@=\dimen121
)
(c:/usr/local/share/texmf/tex/latex/amslatex/amsopn.sty
Package: amsopn 1996/10/28 v1.2b operator names
)
LaTeX Info: Redefining \frac on input line 188.
\uproot@=\count90
\leftroot@=\count91
\classnum@=\count92
\DOTSCASE@=\count93
LaTeX Info: Redefining \dots on input line 335.
LaTeX Info: Redefining \ldots on input line 418.
LaTeX Info: Redefining \cdots on input line 422.
\Mathstrutbox@=\box41
\strutbox@=\box42
\big@size=\dimen122
LaTeX Font Info:    Redeclaring font encoding OML on input line 500.
LaTeX Font Info:    Redeclaring font encoding OMS on input line 501.
\skewcharcount@=\count94
\familycount@=\count95
\pointcount@=\count96
\accentdimen@=\dimen123
\accentmu@=\count97
\minaw@=\dimen124
\c@MaxMatrixCols=\count98
\dotsspace@=\muskip10
\c@parentequation=\count99
\dspbrk@lvl=\count100
\tag@help=\toks17
\row@=\count101
\column@=\count102
\maxfields@=\count103
\andhelp@=\toks18
\eqnshift@=\dimen125
\alignsep@=\dimen126
\tagshift@=\dimen127
\tagwidth@=\dimen128
\totwidth@=\dimen129
\lineht@=\dimen130
\@envbody=\toks19
\multlinegap=\skip44
\multlinetaggap=\skip45
)
(c:/usr/local/share/texmf/tex/latex/amsfonts/amssymb.sty
Package: amssymb 1996/11/03 v2.2b
)
(c:/usr/local/share/texmf/tex/latex/amsfonts/eucal.sty
Package: eucal 1995/01/06 v2.2 Euler Script fonts
LaTeX Font Info:    Overwriting math alphabet `\EuScript' in version `bold'
(Font)                  U/eus/m/n --> U/eus/b/n on input line 47.
)
(c:/usr/local/share/texmf/tex/latex/base/latexsym.sty
Package: latexsym 1996/11/20 v2.2d Standard LaTeX package (lasy symbols)
\symlasy=\mathgroup6
LaTeX Font Info:    Overwriting symbol font `lasy' in version `bold'
(Font)                  U/lasy/m/n --> U/lasy/b/n on input line 85.
)
(c:/usr/local/share/texmf/tex/latex/misc/epic.sty
Enhancements to Picture Environment. Version 1.2 - Released June 1, 1986
\@@multicnt=\count104
\d@lta=\count105
\@delta=\dimen131
\@@delta=\dimen132
\@gridcnt=\count106
\@joinkind=\count107
\@dotgap=\dimen133
\@ddotgap=\dimen134
\@x@diff=\count108
\@y@diff=\count109
\x@diff=\dimen135
\y@diff=\dimen136
\@dotbox=\box43
\num@segments=\count110
\num@segmentsi=\count111
\@datafile=\read1
) (c:/usr/local/share/texmf/tex/latex/misc/eepic.sty
Extension to Epic and LaTeX. Version 1.1b - Released Febrary 7, 1988
\@gphlinewidth=\count112
\@eepictcnt=\count113
\@tempdimc=\dimen137
\maxovaldiam=\dimen138
\@filltype=\box44
) (c:/usr/local/share/texmf/tex/platex/base/ascmac.sty
(c:/usr/local/share/texmf/tex/platex/base/tascmac.sty
\@savetbaselineshift=\dimen139
\@saveybaselineshift=\dimen140
\scb@x=\box45
\scscb@x=\box46
\@bw=\dimen141
\@nbox=\box47
\@nbody=\box48
\@scw=\dimen142
\@itemh=\dimen143
\@iboxstr=\toks20
\@iboxpos=\toks21
\@bwsp=\box49
\@@bwsp=\box50
\@bcal=\count114
\shaderule=\dimen144
)) (kaiseki.aux (sec0.aux) (sec1.aux) (sec1x1x2.aux))
\openout1 = `kaiseki.aux'.

LaTeX Font Info:    Checking defaults for OML/cmm/m/it on input line 36.
LaTeX Font Info:    ... okay on input line 36.
LaTeX Font Info:    Checking defaults for T1/cmr/m/n on input line 36.
LaTeX Font Info:    ... okay on input line 36.
LaTeX Font Info:    Checking defaults for OT1/cmr/m/n on input line 36.
LaTeX Font Info:    ... okay on input line 36.
LaTeX Font Info:    Checking defaults for OMS/cmsy/m/n on input line 36.
LaTeX Font Info:    ... okay on input line 36.
LaTeX Font Info:    Checking defaults for OMX/cmex/m/n on input line 36.
LaTeX Font Info:    ... okay on input line 36.
LaTeX Font Info:    Checking defaults for U/cmr/m/n on input line 36.
LaTeX Font Info:    ... okay on input line 36.
LaTeX Font Info:    Checking defaults for JY1/mc/m/n on input line 36.
LaTeX Font Info:    ... okay on input line 36.
LaTeX Font Info:    Checking defaults for JT1/mc/m/n on input line 36.
LaTeX Font Info:    ... okay on input line 36.
\openout2 = `sec0.aux'.


No file sec0.tex.
\openout2 = `sec1.aux'.

(sec1.tex
ëÊ1èÕ
LaTeX Font Info:    Font shape `JY1/mc/m/n' will be
(Font)              scaled to size 19.9311pt on input line 1.
LaTeX Font Info:    Font shape `JY1/gt/m/n' will be
(Font)              scaled to size 19.9311pt on input line 1.
LaTeX Font Info:    Font shape `JY1/gt/m/n' will be
(Font)              scaled to size 23.90964pt on input line 1.
LaTeX Font Info:    Font shape `JY1/gt/m/n' will be
(Font)              scaled to size 9.60999pt on input line 3.
LaTeX Font Info:    Try loading font information for U+msa on input line 4.
(c:/usr/local/share/texmf/tex/latex/amsfonts/umsa.fd
File: umsa.fd 1995/01/05 v2.2e AMS font definitions
)
LaTeX Font Info:    Try loading font information for U+msb on input line 4.

(c:/usr/local/share/texmf/tex/latex/amsfonts/umsb.fd
File: umsb.fd 1995/01/05 v2.2e AMS font definitions
)
LaTeX Font Info:    Try loading font information for U+lasy on input line 4.

(c:/usr/local/share/texmf/tex/latex/base/ulasy.fd
File: ulasy.fd 1996/11/20 v2.2dLaTeX symbol font definitions
)
LaTeX Font Info:    Font shape `JY1/mc/bx/n' in size <10> not available
(Font)              Font shape `JY1/gt/m/n' tried instead on input line 4.
LaTeX Font Info:    Font shape `JY1/gt/m/n' will be
(Font)              scaled to size 9.60999pt on input line 4.
LaTeX Font Info:    Font shape `JT1/mc/bx/n' in size <10> not available
(Font)              Font shape `JT1/gt/m/n' tried instead on input line 4.


LaTeX Warning: Reference `1.13' on page 1 undefined on input line 46.

) [1







]
\openout2 = `sec1x1x2.aux'.


No file sec1x1x2.tex.
(kaiseki.aux (sec0.aux) (sec1.aux) (sec1x1x2.aux))

LaTeX Warning: There were undefined references.

 ) 
Here is how much of TeX's memory you used:
 1352 strings out of 10659
 13929 string characters out of 44946
 67516 words of memory out of 263001
 4445 multiletter control sequences out of 10000+0
 11878 words of font info for 55 fonts, out of 100000 for 500
 14 hyphenation exceptions out of 659
 27i,9n,22p,275b,192s stack positions out of 300i,50n,60p,3000b,4000s

Output written on kaiseki.dvi (1 page, 3224 bytes).
